Сборка начата 11.09.2019 10:23:35.
     1>Проект "D:\C++projects\oop1\oop1\oop1.vcxproj" в узле 2 (целевые объекты Build).
     1>InitializeBuildStatus:
         Создание "Debug\oop1.tlog\unsuccessfulbuild", так как было задано "AlwaysCreate".
       ClCompile:
         D:\VisualStudio\Professional\VC\Tools\MSVC\14.22.27905\bin\HostX86\x86\CL.exe /c /ZI /JMC /nologo /W3 /WX- /diagnostics:column /sdl /Od /Oy- /D _MBCS /Gm- /EHsc /RTC1 /MDd /GS /fp:precise /permissive- /Zc:wchar_t /Zc:forScope /Zc:inline /Fo"Debug\\" /Fd"Debug\vc142.pdb" /Gd /TP /analyze- /FC /errorReport:prompt oop1.cpp
         oop1.cpp
     1>D:\C++projects\oop1\oop1\oop1.cpp(11,20): warning C4305:  инициализация: усечение из "double" в "float"
     1>D:\C++projects\oop1\oop1\oop1.cpp(47,19): warning C4305:  инициализация: усечение из "double" в "float"
       Link:
         D:\VisualStudio\Professional\VC\Tools\MSVC\14.22.27905\bin\HostX86\x86\link.exe /ERRORREPORT:PROMPT /OUT:"D:\C++projects\oop1\Debug\oop1.exe" /INCREMENTAL /NOLOGO kernel32.lib user32.lib gdi32.lib winspool.lib comdlg32.lib advapi32.lib shell32.lib ole32.lib oleaut32.lib uuid.lib odbc32.lib odbccp32.lib /MANIFEST /MANIFESTUAC:"level='asInvoker' uiAccess='false'" /manifest:embed /DEBUG:FASTLINK /PDB:"D:\C++projects\oop1\Debug\oop1.pdb" /SUBSYSTEM:CONSOLE /TLBID:1 /DYNAMICBASE /NXCOMPAT /IMPLIB:"D:\C++projects\oop1\Debug\oop1.lib" /MACHINE:X86 Debug\oop1.obj
         oop1.vcxproj -> D:\C++projects\oop1\Debug\oop1.exe
       FinalizeBuildStatus:
         Файл "Debug\oop1.tlog\unsuccessfulbuild" удаляется.
         Обращение к "Debug\oop1.tlog\oop1.lastbuildstate".
     1>Сборка проекта "D:\C++projects\oop1\oop1\oop1.vcxproj" завершена (целевые объекты Build).

Сборка успешно завершена.

       "D:\C++projects\oop1\oop1\oop1.vcxproj" (целевой объект Build ) (1) ->
       (Целевой объект ClCompile) -> 
         D:\C++projects\oop1\oop1\oop1.cpp(11,20): warning C4305:  инициализация: усечение из "double" в "float"
         D:\C++projects\oop1\oop1\oop1.cpp(47,19): warning C4305:  инициализация: усечение из "double" в "float"

    Предупреждений: 2
    Ошибок: 0

Прошло времени 00:00:02.74
